[debug] [2021-06-13T14:53:24.633Z] ----------------------------------------------------------------------
[debug] [2021-06-13T14:53:24.635Z] Command:       C:\Program Files (x86)\nodejs\node.exe C:\Users\Desktop\AppData\Roaming\npm\node_modules\firebase-tools\lib\bin\firebase.js init
[debug] [2021-06-13T14:53:24.635Z] CLI Version:   9.12.1
[debug] [2021-06-13T14:53:24.635Z] Platform:      win32
[debug] [2021-06-13T14:53:24.635Z] Node Version:  v12.18.2
[debug] [2021-06-13T14:53:24.636Z] Time:          Sun Jun 13 2021 20:23:24 GMT+0530 (India Standard Time)
[debug] [2021-06-13T14:53:24.636Z] ----------------------------------------------------------------------
[debug] 
[debug] [2021-06-13T14:53:24.663Z] > command requires scopes: ["email","openid","https://www.googleapis.com/auth/cloudplatformprojects.readonly","https://www.googleapis.com/auth/firebase","https://www.googleapis.com/auth/cloud-platform"]
[debug] [2021-06-13T14:53:24.663Z] > authorizing via signed-in user (ramavathsaikiran123@gmail.com)
[info] 
     ######## #### ########  ######## ########     ###     ######  ########
     ##        ##  ##     ## ##       ##     ##  ##   ##  ##       ##
     ######    ##  ########  ######   ########  #########  ######  ######
     ##        ##  ##    ##  ##       ##     ## ##     ##       ## ##
     ##       #### ##     ## ######## ########  ##     ##  ######  ########

You're about to initialize a Firebase project in this directory:

  E:\Pesto\Assignment\Week1\to-do

[info] 
=== Project Setup
[info] 
[info] First, let's associate this project directory with a Firebase project.
[info] You can create multiple project aliases by running firebase use --add, 
[info] but for now we'll just set up a default project.
[info] 
[debug] [2021-06-13T14:53:48.418Z] > refreshing access token with scopes: []
[debug] [2021-06-13T14:53:48.419Z] >>> HTTP REQUEST POST https://www.googleapis.com/oauth2/v3/token  
 <request body omitted>
[debug] [2021-06-13T14:53:48.662Z] <<< HTTP RESPONSE 200 {"cache-control":"no-cache, no-store, max-age=0, must-revalidate","date":"Sun, 13 Jun 2021 14:53:50 GMT","expires":"Mon, 01 Jan 1990 00:00:00 GMT","pragma":"no-cache","content-type":"application/json; charset=utf-8","vary":"X-Origin, Referer, Origin,Accept-Encoding","server":"scaffolding on HTTPServer2","x-xss-protection":"0","x-frame-options":"SAMEORIGIN","x-content-type-options":"nosniff","alt-svc":"h3=\":443\"; ma=2592000,h3-29=\":443\"; ma=2592000,h3-T051=\":443\"; ma=2592000,h3-Q050=\":443\"; ma=2592000,h3-Q046=\":443\"; ma=2592000,h3-Q043=\":443\"; ma=2592000,quic=\":443\"; ma=2592000; v=\"46,43\"","accept-ranges":"none","transfer-encoding":"chunked"}
[debug] [2021-06-13T14:53:48.684Z] >>> [apiv2][query] GET https://firebase.googleapis.com/v1beta1/projects pageSize=100
[debug] [2021-06-13T14:53:49.223Z] <<< [apiv2][status] GET https://firebase.googleapis.com/v1beta1/projects 200
[debug] [2021-06-13T14:53:49.223Z] <<< [apiv2][body] GET https://firebase.googleapis.com/v1beta1/projects [omitted]
[info] i  Using project todo-app-64c67 (todo-app) 
[info] 
=== Hosting Setup
[info] 
[info] Your public directory is the folder (relative to your project directory) that
[info] will contain Hosting assets to be uploaded with firebase deploy. If you
[info] have a build process for your assets, use your build's output directory.
[info] 
[debug] [2021-06-13T14:55:34.512Z] >>> [apiv2][query] GET https://www.gstatic.com/firebasejs/releases.json [none]
[debug] [2021-06-13T14:55:34.701Z] <<< [apiv2][status] GET https://www.gstatic.com/firebasejs/releases.json 200
[debug] [2021-06-13T14:55:34.701Z] <<< [apiv2][body] GET https://www.gstatic.com/firebasejs/releases.json {"current":{"version":"8.6.7","browserURL":"https://www.gstatic.com/firebasejs/8.6.7/firebase.js","packageURL":"https://www.gstatic.com/firebasejs/8.6.7/firebase.tgz"},"live":{"version":"8.6","browserURL":"https://www.gstatic.com/firebasejs/live/8.6/firebase.js","packageURL":"https://www.gstatic.com/firebasejs/live/8.6/firebase.tgz"},"components":{"analytics":"https://www.gstatic.com/firebasejs/8.6.7/firebase-analytics.js","app":"https://www.gstatic.com/firebasejs/8.6.7/firebase-app.js","app-check":"https://www.gstatic.com/firebasejs/8.6.7/firebase-app-check.js","auth":"https://www.gstatic.com/firebasejs/8.6.7/firebase-auth.js","database":"https://www.gstatic.com/firebasejs/8.6.7/firebase-database.js","firestore":"https://www.gstatic.com/firebasejs/8.6.7/firebase-firestore.js","functions":"https://www.gstatic.com/firebasejs/8.6.7/firebase-functions.js","installations":"https://www.gstatic.com/firebasejs/8.6.7/firebase-installations.js","messaging":"https://www.gstatic.com/firebasejs/8.6.7/firebase-messaging.js","storage":"https://www.gstatic.com/firebasejs/8.6.7/firebase-storage.js","performance":"https://www.gstatic.com/firebasejs/8.6.7/firebase-performance.js","remote-config":"https://www.gstatic.com/firebasejs/8.6.7/firebase-remote-config.js","firestore.memory":"https://www.gstatic.com/firebasejs/8.6.7/firebase-firestore.memory.js"}}
[info] +  Wrote build/index.html 
[info] 
[info] i  Detected a .git folder at E:\Pesto\Assignment\Week1\to-do 
[info] i  Authorizing with GitHub to upload your service account to a GitHub repository's secrets store. 
[info] 
[info] Visit this URL on this device to log in:
[info] https://github.com/login/oauth/authorize?client_id=89cf50f02ac6aaed3484&state=768648966&redirect_uri=http%3A%2F%2Flocalhost%3A9005&scope=read%3Auser%20repo%20public_repo
[info] 
[info] Waiting for authentication...
[debug] [2021-06-13T14:55:57.987Z] >>> HTTP REQUEST POST https://github.com/login/oauth/access_token  
 {"client_id":"89cf50f02ac6aaed3484","client_secret":"3330d14abc895d9a74d5f17cd7a00711fa2c5bf0","code":"23169697edee0e795443","redirect_uri":"http://localhost:9005","state":"768648966"}
[debug] [2021-06-13T14:55:58.540Z] <<< HTTP RESPONSE 200 {"server":"GitHub.com","date":"Sun, 13 Jun 2021 14:55:59 GMT","content-type":"application/json; charset=utf-8","transfer-encoding":"chunked","vary":"X-PJAX, Accept-Encoding, Accept, X-Requested-With","permissions-policy":"interest-cohort=()","etag":"W/\"dd9b47b46a18c69f6202f4403bb06f24\"","cache-control":"max-age=0, private, must-revalidate","strict-transport-security":"max-age=31536000; includeSubdomains; preload","x-frame-options":"deny","x-content-type-options":"nosniff","x-xss-protection":"0","referrer-policy":"origin-when-cross-origin, strict-origin-when-cross-origin","expect-ct":"max-age=2592000, report-uri=\"https://api.github.com/_private/browser/errors\"","content-security-policy":"default-src 'none'; base-uri 'self'; block-all-mixed-content; connect-src 'self' uploads.github.com www.githubstatus.com collector.githubapp.com api.github.com github-cloud.s3.amazonaws.com github-production-repository-file-5c1aeb.s3.amazonaws.com github-production-upload-manifest-file-7fdce7.s3.amazonaws.com github-production-user-asset-6210df.s3.amazonaws.com html-translator.herokuapp.com cdn.optimizely.com logx.optimizely.com/v1/events wss://alive.github.com; font-src github.githubassets.com; form-action 'self' github.com gist.github.com; frame-ancestors 'none'; frame-src render.githubusercontent.com; img-src 'self' data: github.githubassets.com identicons.github.com collector.githubapp.com github-cloud.s3.amazonaws.com secured-user-images.githubusercontent.com/ *.githubusercontent.com; manifest-src 'self'; media-src 'none'; script-src github.githubassets.com; style-src 'unsafe-inline' github.githubassets.com; worker-src github.com/socket-worker-3f088aa2.js gist.github.com/socket-worker-3f088aa2.js","x-github-request-id":"C485:4C8E:29003E:34453E:60C61C7F"}
[debug] [2021-06-13T14:55:58.548Z] >>> [apiv2][query] GET https://api.github.com/user [none]
[debug] [2021-06-13T14:55:58.944Z] <<< [apiv2][status] GET https://api.github.com/user 200
[debug] [2021-06-13T14:55:58.944Z] <<< [apiv2][body] GET https://api.github.com/user {"login":"saikiran142","id":8680370,"node_id":"MDQ6VXNlcjg2ODAzNzA=","avatar_url":"https://avatars.githubusercontent.com/u/8680370?v=4","gravatar_id":"","url":"https://api.github.com/users/saikiran142","html_url":"https://github.com/saikiran142","followers_url":"https://api.github.com/users/saikiran142/followers","following_url":"https://api.github.com/users/saikiran142/following{/other_user}","gists_url":"https://api.github.com/users/saikiran142/gists{/gist_id}","starred_url":"https://api.github.com/users/saikiran142/starred{/owner}{/repo}","subscriptions_url":"https://api.github.com/users/saikiran142/subscriptions","organizations_url":"https://api.github.com/users/saikiran142/orgs","repos_url":"https://api.github.com/users/saikiran142/repos","events_url":"https://api.github.com/users/saikiran142/events{/privacy}","received_events_url":"https://api.github.com/users/saikiran142/received_events","type":"User","site_admin":false,"name":null,"company":null,"blog":"","location":null,"email":null,"hireable":null,"bio":null,"twitter_username":null,"public_repos":8,"public_gists":0,"followers":0,"following":0,"created_at":"2014-09-06T18:35:40Z","updated_at":"2021-06-13T14:55:59Z","private_gists":0,"total_private_repos":0,"owned_private_repos":0,"disk_usage":854,"collaborators":0,"two_factor_authentication":false,"plan":{"name":"free","space":976562499,"collaborators":0,"private_repos":10000}}
[info] 
[info] +  Success! Logged into GitHub as saikiran142 
[info] 
[debug] [2021-06-13T14:56:15.672Z] >>> [apiv2][query] GET https://api.github.com/repos//actions/secrets/public-key type=owner
[debug] [2021-06-13T14:56:15.955Z] <<< [apiv2][status] GET https://api.github.com/repos//actions/secrets/public-key 404
[debug] [2021-06-13T14:56:15.955Z] <<< [apiv2][body] GET https://api.github.com/repos//actions/secrets/public-key {"message":"Not Found","documentation_url":"https://docs.github.com/rest"}
[debug] [2021-06-13T14:56:30.309Z] ----------------------------------------------------------------------
[debug] [2021-06-13T14:56:30.311Z] Command:       C:\Program Files (x86)\nodejs\node.exe C:\Users\Desktop\AppData\Roaming\npm\node_modules\firebase-tools\lib\bin\firebase.js init
[debug] [2021-06-13T14:56:30.311Z] CLI Version:   9.12.1
[debug] [2021-06-13T14:56:30.311Z] Platform:      win32
[debug] [2021-06-13T14:56:30.311Z] Node Version:  v12.18.2
[debug] [2021-06-13T14:56:30.312Z] Time:          Sun Jun 13 2021 20:26:30 GMT+0530 (India Standard Time)
[debug] [2021-06-13T14:56:30.312Z] ----------------------------------------------------------------------
[debug] 
[debug] [2021-06-13T14:56:30.316Z] > command requires scopes: ["email","openid","https://www.googleapis.com/auth/cloudplatformprojects.readonly","https://www.googleapis.com/auth/firebase","https://www.googleapis.com/auth/cloud-platform"]
[debug] [2021-06-13T14:56:30.316Z] > authorizing via signed-in user (ramavathsaikiran123@gmail.com)
[info] 
     ######## #### ########  ######## ########     ###     ######  ########
     ##        ##  ##     ## ##       ##     ##  ##   ##  ##       ##
     ######    ##  ########  ######   ########  #########  ######  ######
     ##        ##  ##    ##  ##       ##     ## ##     ##       ## ##
     ##       #### ##     ## ######## ########  ##     ##  ######  ########

You're about to initialize a Firebase project in this directory:

  E:\Pesto\Assignment\Week1\to-do

